{
  "RSpec": {
    "coverage": {
      "/home/brandon/code/Rewards-API/spec/test_load_all.rb": {
        "lines": [
          null,
          null,
          1,
          1,
          null,
          1,
          276,
          null,
          null,
          1,
          1,
          1,
          null
        ]
      },
      "/home/brandon/code/Rewards-API/config/require_app.rb": {
        "lines": [
          null,
          null,
          null,
          null,
          null,
          null,
          null,
          null,
          null,
          null,
          1,
          9,
          2,
          37,
          null
        ]
      },
      "/home/brandon/code/Rewards-API/config/environment.rb": {
        "lines": [
          null,
          null,
          1,
          1,
          1,
          1,
          1,
          1,
          null,
          1,
          null,
          1,
          1,
          null,
          1,
          null,
          null,
          null,
          null,
          null,
          1,
          1,
          null,
          1,
          null,
          1,
          1,
          null,
          1,
          1,
          1,
          null,
          null,
          1,
          1,
          1,
          null,
          null,
          null
        ]
      },
      "/home/brandon/code/Rewards-API/app/lib/auth_scope.rb": {
        "lines": [
          null,
          null,
          null,
          1,
          1,
          1,
          1,
          1,
          1,
          null,
          1,
          1,
          null,
          1,
          13,
          13,
          27,
          null,
          null,
          1,
          7,
          null,
          null,
          1,
          7,
          null,
          null,
          1,
          5,
          null,
          null,
          1,
          null,
          1,
          11,
          null,
          null,
          1,
          23,
          null,
          null,
          1,
          31,
          null,
          null,
          1,
          14,
          14,
          14,
          null,
          null
        ]
      },
      "/home/brandon/code/Rewards-API/app/lib/auth_token.rb": {
        "lines": [
          null,
          null,
          1,
          1,
          null,
          null,
          null,
          null,
          null,
          1,
          1,
          null,
          1,
          1,
          1,
          1,
          1,
          null,
          1,
          null,
          1,
          null,
          null,
          1,
          5,
          null,
          null,
          null,
          1,
          4,
          4,
          null,
          null,
          null,
          1,
          0,
          0,
          null,
          null,
          null,
          1,
          5,
          null,
          5,
          null,
          null,
          null,
          1,
          4,
          null,
          4,
          null,
          0,
          null,
          null,
          1,
          5,
          null,
          null,
          1,
          4,
          null,
          0,
          null,
          null
        ]
      },
      "/home/brandon/code/Rewards-API/app/lib/securable.rb": {
        "lines": [
          null,
          null,
          1,
          1,
          null,
          null,
          1,
          1,
          null,
          null,
          1,
          6,
          6,
          null,
          null,
          1,
          2,
          null,
          2,
          null,
          null,
          1,
          64,
          null,
          null,
          null,
          1,
          23,
          null,
          null,
          null,
          null,
          null,
          1,
          41,
          null,
          null,
          null,
          null,
          null
        ]
      },
      "/home/brandon/code/Rewards-API/app/lib/key_stretch.rb": {
        "lines": [
          null,
          null,
          1,
          1,
          null,
          null,
          1,
          1,
          18,
          null,
          null,
          1,
          26,
          26,
          26,
          null,
          26,
          null,
          null,
          null,
          null,
          null
        ]
      },
      "/home/brandon/code/Rewards-API/app/lib/secure_db.rb": {
        "lines": [
          null,
          null,
          1,
          null,
          null,
          1,
          1,
          null,
          1,
          18,
          null,
          18,
          null,
          null,
          1,
          37,
          null,
          37,
          null,
          null
        ]
      },
      "/home/brandon/code/Rewards-API/app/policies/promotion_policy.rb": {
        "lines": [
          null,
          null,
          null,
          1,
          1,
          1,
          1,
          1,
          null,
          null,
          1,
          2,
          null,
          null,
          1,
          1,
          null,
          null,
          1,
          1,
          null,
          null,
          1,
          null,
          1,
          null,
          null,
          null,
          null,
          null,
          1,
          null,
          1,
          2,
          null,
          null,
          1,
          2,
          null,
          null,
          1,
          2,
          null,
          null,
          1,
          0,
          null,
          null,
          null,
          null,
          null
        ]
      },
      "/home/brandon/code/Rewards-API/app/models/account.rb": {
        "lines": [
          null,
          null,
          1,
          1,
          1,
          null,
          1,
          null,
          1,
          1,
          27,
          27,
          27,
          null,
          null,
          1,
          10,
          null,
          null,
          null,
          1,
          37,
          null,
          null,
          1,
          18,
          null,
          null,
          1,
          15,
          null,
          null,
          1,
          6,
          6,
          null,
          null,
          1,
          8,
          null,
          null,
          null
        ]
      },
      "/home/brandon/code/Rewards-API/app/models/password.rb": {
        "lines": [
          null,
          null,
          1,
          1,
          null,
          1,
          null,
          1,
          1,
          null,
          1,
          26,
          26,
          null,
          null,
          1,
          8,
          8,
          null,
          null,
          1,
          18,
          null,
          null,
          null,
          null,
          1,
          null,
          1,
          18,
          18,
          18,
          null,
          null,
          1,
          8,
          8,
          8,
          8,
          null,
          null,
          null
        ]
      },
      "/home/brandon/code/Rewards-API/app/models/admin.rb": {
        "lines": [
          null,
          null,
          1,
          null,
          1,
          null,
          1,
          1,
          null,
          1,
          1,
          1,
          1,
          null,
          1,
          null,
          1,
          null,
          0,
          null,
          null,
          null,
          null,
          null
        ]
      },
      "/home/brandon/code/Rewards-API/app/models/promoter.rb": {
        "lines": [
          null,
          null,
          1,
          null,
          1,
          null,
          1,
          1,
          null,
          1,
          1,
          null,
          null,
          1,
          1,
          1,
          1,
          1,
          null,
          1,
          null,
          1,
          18,
          18,
          18,
          null,
          null,
          1,
          null,
          19,
          null,
          null,
          null,
          null,
          null,
          null
        ]
      },
      "/home/brandon/code/Rewards-API/app/models/promotion.rb": {
        "lines": [
          null,
          null,
          1,
          1,
          null,
          1,
          null,
          1,
          1,
          null,
          null,
          1,
          null,
          1,
          null,
          1,
          1,
          1,
          null,
          1,
          null,
          1,
          13,
          13,
          null,
          null,
          1,
          6,
          null,
          null,
          1,
          null,
          7,
          null,
          null,
          null,
          null,
          null,
          1,
          null,
          null
        ]
      },
      "/home/brandon/code/Rewards-API/app/models/subscriber.rb": {
        "lines": [
          null,
          null,
          1,
          null,
          1,
          null,
          1,
          1,
          1,
          null,
          null,
          1,
          1,
          1,
          1,
          1,
          null,
          1,
          null,
          1,
          null,
          4,
          null,
          null,
          null,
          null,
          null,
          null
        ]
      },
      "/home/brandon/code/Rewards-API/app/models/tag.rb": {
        "lines": [
          null,
          null,
          1,
          1,
          null,
          1,
          null,
          1,
          1,
          null,
          null,
          1,
          null,
          1,
          1,
          1,
          null,
          1,
          null,
          1,
          9,
          9,
          9,
          null,
          null,
          1,
          null,
          5,
          null,
          null,
          null,
          null,
          null,
          1,
          5,
          null,
          null,
          null
        ]
      },
      "/home/brandon/code/Rewards-API/app/services/add_tag_to_promotion.rb": {
        "lines": [
          null,
          null,
          1,
          null,
          1,
          1,
          1,
          null,
          null,
          null,
          null,
          null
        ]
      },
      "/home/brandon/code/Rewards-API/app/services/authenticate_account.rb": {
        "lines": [
          null,
          null,
          1,
          null,
          1,
          null,
          1,
          null,
          1,
          1,
          1,
          1,
          null,
          null,
          1,
          1,
          null,
          null,
          null,
          1,
          6,
          6,
          null,
          5,
          null,
          1,
          null,
          null,
          1,
          null,
          5,
          null,
          null,
          null,
          null,
          null,
          null,
          null,
          null
        ]
      },
      "/home/brandon/code/Rewards-API/app/services/create_promotion.rb": {
        "lines": [
          null,
          null,
          1,
          null,
          1,
          1,
          12,
          null,
          null,
          null,
          null,
          null
        ]
      },
      "/home/brandon/code/Rewards-API/app/services/create_subscription.rb": {
        "lines": [
          null,
          null,
          1,
          null,
          1,
          1,
          1,
          null,
          null,
          null,
          null,
          null
        ]
      },
      "/home/brandon/code/Rewards-API/app/services/get_promotion_query.rb": {
        "lines": [
          null,
          null,
          1,
          null,
          1,
          null,
          1,
          1,
          0,
          null,
          null,
          null,
          1,
          0,
          null,
          0,
          0,
          null,
          0,
          null,
          null,
          null
        ]
      },
      "/home/brandon/code/Rewards-API/app/services/verify_registration.rb": {
        "lines": [
          null,
          null,
          1,
          1,
          null,
          null,
          1,
          1,
          null,
          1,
          0,
          null,
          null,
          1,
          0,
          null,
          0,
          null,
          null,
          1,
          null,
          1,
          0,
          null,
          null,
          1,
          0,
          null,
          0,
          0,
          null,
          null,
          null,
          1,
          0,
          null,
          null,
          null,
          null,
          null,
          null,
          null,
          1,
          null,
          0,
          null,
          null,
          null,
          null,
          null,
          null,
          1,
          0,
          null,
          null,
          1,
          0,
          null,
          null,
          1,
          0,
          null,
          null
        ]
      },
      "/home/brandon/code/Rewards-API/app/controllers/app.rb": {
        "lines": [
          null,
          null,
          1,
          1,
          1,
          null,
          1,
          null,
          1,
          1,
          1,
          1,
          1,
          null,
          1,
          null,
          1,
          null,
          1,
          27,
          null,
          null,
          1,
          27,
          27,
          27,
          null,
          null,
          27,
          27,
          null,
          0,
          null,
          0,
          null,
          null,
          27,
          26,
          null,
          null,
          1,
          1,
          null,
          null,
          null,
          null
        ]
      },
      "/home/brandon/code/Rewards-API/app/controllers/helpers.rb": {
        "lines": [
          null,
          null,
          1,
          null,
          1,
          null,
          1,
          1,
          null,
          1,
          null,
          1,
          null,
          1,
          27,
          null,
          4,
          4,
          null,
          4,
          null,
          null,
          1,
          4,
          4,
          null,
          4,
          null,
          null,
          null,
          null
        ]
      },
      "/home/brandon/code/Rewards-API/app/controllers/auth.rb": {
        "lines": [
          null,
          null,
          1,
          1,
          1,
          null,
          1,
          null,
          1,
          1,
          2,
          null,
          0,
          0,
          0,
          0,
          0,
          null,
          0,
          0,
          null,
          null,
          null,
          2,
          null,
          2,
          2,
          2,
          1,
          null,
          1,
          1,
          null,
          null,
          null,
          null,
          null
        ]
      },
      "/home/brandon/code/Rewards-API/app/controllers/promoters.rb": {
        "lines": [
          null,
          null,
          1,
          1,
          1,
          null,
          1,
          null,
          1,
          1,
          8,
          8,
          6,
          null,
          3,
          1,
          1,
          0,
          null,
          null,
          null,
          2,
          1,
          1,
          null,
          0,
          null,
          null,
          null,
          1,
          1,
          null,
          1,
          1,
          1,
          1,
          1,
          null,
          0,
          null,
          0,
          null,
          null,
          null,
          null,
          3,
          3,
          3,
          null,
          2,
          null,
          null,
          null,
          null,
          2,
          1,
          null,
          0,
          null,
          null,
          null,
          1,
          1,
          1,
          null,
          1,
          1,
          1,
          null,
          0,
          null,
          0,
          null,
          null,
          null,
          null
        ]
      },
      "/home/brandon/code/Rewards-API/app/controllers/promotions.rb": {
        "lines": [
          null,
          null,
          1,
          1,
          1,
          null,
          1,
          null,
          1,
          1,
          4,
          null,
          4,
          null,
          3,
          3,
          3,
          null,
          1,
          1,
          null,
          1,
          null,
          null,
          null,
          null,
          0,
          null,
          0,
          null,
          0,
          null,
          2,
          null,
          null,
          null,
          null,
          1,
          1,
          null,
          0,
          null,
          null,
          null,
          null
        ]
      },
      "/home/brandon/code/Rewards-API/app/controllers/subscribers.rb": {
        "lines": [
          null,
          null,
          1,
          1,
          1,
          null,
          1,
          null,
          1,
          1,
          6,
          6,
          4,
          null,
          1,
          1,
          null,
          1,
          null,
          null,
          1,
          1,
          1,
          1,
          null,
          0,
          null,
          0,
          null,
          null,
          null,
          null,
          3,
          3,
          3,
          null,
          2,
          null,
          null,
          null,
          null,
          2,
          1,
          null,
          0,
          null,
          null,
          null,
          1,
          1,
          1,
          null,
          1,
          1,
          1,
          null,
          0,
          null,
          0,
          null,
          null,
          null,
          null
        ]
      },
      "/home/brandon/code/Rewards-API/app/controllers/tags.rb": {
        "lines": [
          null,
          null,
          1,
          1,
          1,
          null,
          1,
          null,
          1,
          1,
          6,
          6,
          4,
          null,
          1,
          1,
          1,
          null,
          null,
          1,
          1,
          1,
          1,
          null,
          0,
          null,
          0,
          null,
          null,
          null,
          null,
          3,
          3,
          3,
          null,
          2,
          null,
          null,
          null,
          null,
          2,
          1,
          null,
          0,
          null,
          null,
          null,
          1,
          1,
          1,
          null,
          1,
          1,
          1,
          null,
          0,
          null,
          0,
          null,
          null,
          null,
          null
        ]
      },
      "/home/brandon/code/Rewards-API/spec/integration/api_promoters_spec.rb": {
        "lines": [
          null,
          null,
          1,
          null,
          1,
          1,
          null,
          1,
          null,
          1,
          9,
          9,
          9,
          null,
          null,
          1,
          1,
          1,
          1,
          1,
          null,
          null,
          1,
          1,
          1,
          null,
          1,
          1,
          null,
          1,
          1,
          null,
          null,
          1,
          1,
          1,
          null,
          1,
          1,
          1,
          null,
          null,
          1,
          1,
          1,
          1,
          null,
          1,
          1,
          1,
          null,
          null,
          1,
          1,
          null,
          null,
          1,
          null,
          null,
          1,
          1,
          null,
          1,
          1,
          null,
          null,
          1,
          1,
          null,
          1,
          null,
          1,
          1,
          null,
          1,
          1,
          null,
          null,
          1,
          1,
          1,
          null,
          null,
          1,
          1,
          1,
          null,
          null,
          1,
          1,
          null,
          null,
          1,
          1,
          null,
          null,
          null
        ]
      },
      "/home/brandon/code/Rewards-API/spec/integration/api_promotions_spec.rb": {
        "lines": [
          null,
          null,
          1,
          null,
          1,
          1,
          null,
          1,
          null,
          1,
          4,
          null,
          4,
          4,
          null,
          4,
          8,
          null,
          null,
          4,
          null,
          null,
          1,
          1,
          1,
          1,
          1,
          1,
          1,
          null,
          null,
          1,
          1,
          1,
          1,
          1,
          1,
          1,
          1,
          null,
          null,
          1,
          1,
          1,
          1,
          null,
          null,
          1,
          1,
          1,
          null,
          1,
          1,
          null,
          null,
          null
        ]
      },
      "/home/brandon/code/Rewards-API/spec/integration/api_spec.rb": {
        "lines": [
          null,
          null,
          1,
          null,
          1,
          1,
          1,
          1,
          1,
          null,
          null,
          null
        ]
      },
      "/home/brandon/code/Rewards-API/spec/integration/api_subscribers_spec.rb": {
        "lines": [
          null,
          null,
          1,
          null,
          1,
          1,
          null,
          1,
          null,
          1,
          7,
          7,
          7,
          null,
          null,
          1,
          1,
          1,
          1,
          1,
          null,
          null,
          1,
          1,
          null,
          1,
          1,
          null,
          1,
          1,
          null,
          null,
          1,
          1,
          1,
          null,
          1,
          1,
          1,
          null,
          null,
          1,
          1,
          1,
          null,
          1,
          1,
          1,
          null,
          null,
          1,
          1,
          1,
          null,
          null,
          1,
          1,
          1,
          null,
          null,
          1,
          1,
          null,
          null,
          null,
          1,
          1,
          null,
          null,
          null
        ]
      },
      "/home/brandon/code/Rewards-API/spec/integration/api_tags_spec.rb": {
        "lines": [
          null,
          null,
          1,
          null,
          1,
          1,
          1,
          null,
          1,
          6,
          6,
          null,
          null,
          1,
          1,
          1,
          null,
          1,
          1,
          null,
          null,
          1,
          1,
          1,
          null,
          1,
          1,
          1,
          1,
          null,
          null,
          1,
          1,
          1,
          1,
          1,
          null,
          null,
          1,
          null,
          1,
          null,
          null,
          1,
          1,
          1,
          null,
          null,
          1,
          1,
          1,
          null,
          null,
          1,
          1,
          null,
          1,
          1,
          null,
          null,
          null
        ]
      },
      "/home/brandon/code/Rewards-API/spec/unit/auth_scope_spec.rb": {
        "lines": [
          null,
          null,
          1,
          null,
          1,
          1,
          null,
          1,
          1,
          1,
          1,
          1,
          1,
          null,
          null,
          1,
          1,
          1,
          1,
          null,
          null,
          1,
          1,
          1,
          1,
          1,
          1,
          null,
          null,
          1,
          1,
          1,
          1,
          1,
          1,
          null,
          null
        ]
      },
      "/home/brandon/code/Rewards-API/spec/unit/password_spec.rb": {
        "lines": [
          null,
          null,
          1,
          null,
          1,
          1,
          3,
          3,
          3,
          null,
          null,
          1,
          1,
          1,
          null,
          null,
          1,
          1,
          1,
          1,
          null,
          null,
          1,
          1,
          1,
          1,
          null,
          null
        ]
      }
    },
    "timestamp": 1624553531
  }
}
